[2020-01-06 18:52:35.235] [exthost] [info] extension host started
[2020-01-06 18:52:36.934] [exthost] [info] extension host started
[2020-01-06 18:52:36.980] [exthost] [info] ExtensionService#_doActivateExtension HookyQR.beautify {"startup":true,"activationEvent":"*"}
[2020-01-06 18:52:36.980] [exthost] [info] ExtensionService#loadCommonJSModule C:\Users\h3210\jong4\sts-4.5.0.RELEASE\plugins\pack.core.win_3.6.0.201910290238\HookyQR.beautify-1.4.11\extension
[2020-01-06 18:52:37.149] [exthost] [info] ExtensionService#_doActivateExtension christian-kohler.path-intellisense {"startup":true,"activationEvent":"*"}
[2020-01-06 18:52:37.149] [exthost] [info] ExtensionService#loadCommonJSModule C:\Users\h3210\jong4\sts-4.5.0.RELEASE\plugins\pack.core.win_3.6.0.201910290238\christian-kohler.path-intellisense-1.4.2\out\src\extension
[2020-01-06 18:52:37.191] [exthost] [info] ExtensionService#_doActivateExtension dbaeumer.vscode-eslint {"startup":true,"activationEvent":"*"}
[2020-01-06 18:52:37.191] [exthost] [info] ExtensionService#loadCommonJSModule C:\Users\h3210\jong4\sts-4.5.0.RELEASE\plugins\pack.core.win_3.6.0.201910290238\dbaeumer.vscode-eslint-1.9.0\client\out\extension
[2020-01-06 18:52:37.295] [exthost] [info] ExtensionService#_doActivateExtension vscode.debug-auto-launch {"startup":true,"activationEvent":"*"}
[2020-01-06 18:52:37.295] [exthost] [info] ExtensionService#loadCommonJSModule c:\Users\h3210\jong4\sts-4.5.0.RELEASE\plugins\com.genuitec.eclipse.code.engine.app.win32.x86_64_3.6.0.201910290238\engine\resources\app\extensions\debug-auto-launch\dist\extension
[2020-01-06 18:52:37.308] [exthost] [info] ExtensionService#_doActivateExtension vscode.emmet {"startup":true,"activationEvent":"*"}
[2020-01-06 18:52:37.308] [exthost] [info] ExtensionService#loadCommonJSModule c:\Users\h3210\jong4\sts-4.5.0.RELEASE\plugins\com.genuitec.eclipse.code.engine.app.win32.x86_64_3.6.0.201910290238\engine\resources\app\extensions\emmet\dist\extension
[2020-01-06 18:52:37.364] [exthost] [info] ExtensionService#_doActivateExtension formulahendry.auto-close-tag {"startup":true,"activationEvent":"*"}
[2020-01-06 18:52:37.364] [exthost] [info] ExtensionService#loadCommonJSModule C:\Users\h3210\jong4\sts-4.5.0.RELEASE\plugins\pack.core.win_3.6.0.201910290238\formulahendry.auto-close-tag-0.5.6\out\src\extension
[2020-01-06 18:52:37.372] [exthost] [info] ExtensionService#_doActivateExtension vscode.grunt {"startup":false,"activationEvent":"onCommand:workbench.action.tasks.runTask"}
[2020-01-06 18:52:37.372] [exthost] [info] ExtensionService#loadCommonJSModule c:\Users\h3210\jong4\sts-4.5.0.RELEASE\plugins\com.genuitec.eclipse.code.engine.app.win32.x86_64_3.6.0.201910290238\engine\resources\app\extensions\grunt\dist\main
[2020-01-06 18:52:37.384] [exthost] [info] ExtensionService#_doActivateExtension vscode.gulp {"startup":false,"activationEvent":"onCommand:workbench.action.tasks.runTask"}
[2020-01-06 18:52:37.384] [exthost] [info] ExtensionService#loadCommonJSModule c:\Users\h3210\jong4\sts-4.5.0.RELEASE\plugins\com.genuitec.eclipse.code.engine.app.win32.x86_64_3.6.0.201910290238\engine\resources\app\extensions\gulp\dist\main
[2020-01-06 18:52:37.393] [exthost] [info] ExtensionService#_doActivateExtension vscode.jake {"startup":false,"activationEvent":"onCommand:workbench.action.tasks.runTask"}
[2020-01-06 18:52:37.393] [exthost] [info] ExtensionService#loadCommonJSModule c:\Users\h3210\jong4\sts-4.5.0.RELEASE\plugins\com.genuitec.eclipse.code.engine.app.win32.x86_64_3.6.0.201910290238\engine\resources\app\extensions\jake\dist\main
[2020-01-06 18:52:37.406] [exthost] [info] ExtensionService#_doActivateExtension vscode.npm {"startup":false,"activationEvent":"onCommand:workbench.action.tasks.runTask"}
[2020-01-06 18:52:37.406] [exthost] [info] ExtensionService#loadCommonJSModule c:\Users\h3210\jong4\sts-4.5.0.RELEASE\plugins\com.genuitec.eclipse.code.engine.app.win32.x86_64_3.6.0.201910290238\engine\resources\app\extensions\npm\dist\main
[2020-01-06 18:52:37.461] [exthost] [info] ExtensionService#_doActivateExtension vscode.typescript-language-features {"startup":false,"activationEvent":"onCommand:workbench.action.tasks.runTask"}
[2020-01-06 18:52:37.461] [exthost] [info] ExtensionService#loadCommonJSModule c:\Users\h3210\jong4\sts-4.5.0.RELEASE\plugins\com.genuitec.eclipse.code.engine.app.win32.x86_64_3.6.0.201910290238\engine\resources\app\extensions\typescript-language-features\dist\extension
[2020-01-06 18:52:37.671] [exthost] [info] ExtensionService#_doActivateExtension vscode.configuration-editing {"startup":false,"activationEvent":"onLanguage:jsonc"}
[2020-01-06 18:52:37.671] [exthost] [info] ExtensionService#loadCommonJSModule c:\Users\h3210\jong4\sts-4.5.0.RELEASE\plugins\com.genuitec.eclipse.code.engine.app.win32.x86_64_3.6.0.201910290238\engine\resources\app\extensions\configuration-editing\dist\extension
[2020-01-06 18:52:37.695] [exthost] [info] ExtensionService#_doActivateExtension vscode.json-language-features {"startup":false,"activationEvent":"onLanguage:jsonc"}
[2020-01-06 18:52:37.695] [exthost] [info] ExtensionService#loadCommonJSModule c:\Users\h3210\jong4\sts-4.5.0.RELEASE\plugins\com.genuitec.eclipse.code.engine.app.win32.x86_64_3.6.0.201910290238\engine\resources\app\extensions\json-language-features\client\dist\jsonMain
[2020-01-06 18:52:37.893] [exthost] [info] eager extensions activated
